<?xml version="1.0" encoding="UTF-8"?>
<testng-results skipped="0" failed="0" total="1" passed="1">
  <reporter-output>
  </reporter-output>
  <suite name="Default suite" duration-ms="175287" started-at="2015-11-30T10:42:06Z" finished-at="2015-11-30T10:45:01Z">
    <groups>
    </groups>
    <test name="Default test" duration-ms="175287" started-at="2015-11-30T10:42:06Z" finished-at="2015-11-30T10:45:01Z">
      <class name="com.mobile.scripts.RP_010_ConnectWithFacebook">
        <test-method status="PASS" signature="setupSuite(org.testng.ITestContext)[pri:0, instance:com.mobile.scripts.RP_010_ConnectWithFacebook@75f32542]" name="setupSuite" is-config="true" duration-ms="94" started-at="2015-11-30T16:12:06Z" finished-at="2015-11-30T16:12:06Z">
          <params>
            <param index="0">
              <value>
                <![CDATA[org.testng.TestRunner@3cce57c7]]>
              </value>
            </param>
          </params>
          <reporter-output>
          </reporter-output>
        </test-method> <!-- setupSuite -->
        <test-method status="PASS" signature="reportHeader(java.lang.reflect.Method)[pri:0, instance:com.mobile.scripts.RP_010_ConnectWithFacebook@75f32542]" name="reportHeader" is-config="true" duration-ms="16881" started-at="2015-11-30T16:12:06Z" finished-at="2015-11-30T16:12:23Z">
          <params>
            <param index="0">
              <value>
                <![CDATA[public void com.mobile.scripts.RP_010_ConnectWithFacebook.validateConnectWithFacebook(java.lang.String,java.lang.String,java.lang.String) throws java.lang.Throwable]]>
              </value>
            </param>
          </params>
          <reporter-output>
          </reporter-output>
        </test-method> <!-- reportHeader -->
        <test-method status="PASS" signature="validateConnectWithFacebook(java.lang.String, java.lang.String, java.lang.String)[pri:0, instance:com.mobile.scripts.RP_010_ConnectWithFacebook@75f32542]" name="validateConnectWithFacebook" duration-ms="156644" started-at="2015-11-30T16:12:23Z" data-provider="testData" finished-at="2015-11-30T16:15:00Z">
          <params>
            <param index="0">
              <value>
                <![CDATA[rphtest112@gmail.com]]>
              </value>
            </param>
            <param index="1">
              <value>
                <![CDATA[rphtest112]]>
              </value>
            </param>
            <param index="2">
              <value>
                <![CDATA[Connect with Facebook login]]>
              </value>
            </param>
          </params>
          <reporter-output>
          </reporter-output>
        </test-method> <!-- validateConnectWithFacebook -->
        <test-method status="PASS" signature="tearDownMethod()[pri:0, instance:com.mobile.scripts.RP_010_ConnectWithFacebook@75f32542]" name="tearDownMethod" is-config="true" duration-ms="1745" started-at="2015-11-30T16:15:00Z" finished-at="2015-11-30T16:15:01Z">
          <reporter-output>
          </reporter-output>
        </test-method> <!-- tearDownMethod -->
        <test-method status="PASS" signature="tearDown(org.testng.ITestContext)[pri:0, instance:com.mobile.scripts.RP_010_ConnectWithFacebook@75f32542]" name="tearDown" is-config="true" duration-ms="3" started-at="2015-11-30T16:15:01Z" finished-at="2015-11-30T16:15:01Z">
          <params>
            <param index="0">
              <value>
                <![CDATA[org.testng.TestRunner@3cce57c7]]>
              </value>
            </param>
          </params>
          <reporter-output>
          </reporter-output>
        </test-method> <!-- tearDown -->
      </class> <!-- com.mobile.scripts.RP_010_ConnectWithFacebook -->
    </test> <!-- Default test -->
  </suite> <!-- Default suite -->
</testng-results>
